Arguments: 
  /Users/hippiegroup/.nvm/versions/node/v10.15.3/bin/node /usr/local/Cellar/yarn/1.16.0/libexec/bin/yarn.js

PATH: 
  /Users/hippiegroup/.nvm/versions/node/v10.15.3/bin:/usr/local/mysql/bin:/usr/local/bin:/usr/bin:/bin:/usr/sbin:/sbin

Yarn version: 
  1.16.0

Node version: 
  10.15.3

Platform: 
  darwin x64

Trace: 
  SyntaxError: /Users/hippiegroup/projects/ShaderExample/Antoni.de/Linear/package.json: Unexpected token } in JSON at position 494
      at JSON.parse (<anonymous>)
      at /usr/local/Cellar/yarn/1.16.0/libexec/lib/cli.js:1625:59
      at Generator.next (<anonymous>)
      at step (/usr/local/Cellar/yarn/1.16.0/libexec/lib/cli.js:304:30)
      at /usr/local/Cellar/yarn/1.16.0/libexec/lib/cli.js:315:13

npm manifest: 
  {
    "name": "waterEffet",
    "version": "1.0.0",
    "description": "",
    "main": "index.js",
    "scripts": {
      "test": "echo \"Error: no test specified\" && exit 1"
    },
    "keywords": [],
    "author": "",
    "license": "ISC",
    "devDependencies": {
      "@babel/plugin-proposal-class-properties": "^7.5.5",
      "babel-core": "^7",
      "babel-preset-env": "^1.7.0"
    },
    "dependencies": {
      "@babel/core": "^7.5.5",
      "babel-eslint": "^10.0.2",
      "dat.gui": "^0.7.6",
      "gsap": "^2.1.3",
    }
  }

yarn manifest: 
  No manifest

Lockfile: 
  # THIS IS AN AUTOGENERATED FILE. DO NOT EDIT THIS FILE DIRECTLY.
  # yarn lockfile v1
  
  
  "@babel/code-frame@^7.0.0":
    version "7.0.0"
    resolved "https://registry.yarnpkg.com/@babel/code-frame/-/code-frame-7.0.0.tgz#06e2ab19bdb535385559aabb5ba59729482800f8"
    integrity sha512-OfC2uemaknXr87bdLUkWog7nYuliM9Ij5HUcajsVcMCpQrcLmtxRbVFTIqmcSkSeYRBFBRxs2FiUqFJDLdiebA==
    dependencies:
      "@babel/highlight" "^7.0.0"
  
  "@babel/code-frame@^7.5.5":
    version "7.5.5"
    resolved "https://registry.yarnpkg.com/@babel/code-frame/-/code-frame-7.5.5.tgz#bc0782f6d69f7b7d49531219699b988f669a8f9d"
    integrity sha512-27d4lZoomVyo51VegxI20xZPuSHusqbQag/ztrBC7wegWoQ1nLREPVSKSW8byhTlzTKyNE4ifaTA6lCp7JjpFw==
    dependencies:
      "@babel/highlight" "^7.0.0"
  
  "@babel/core@^7.5.5":
    version "7.5.5"
    resolved "https://registry.yarnpkg.com/@babel/core/-/core-7.5.5.tgz#17b2686ef0d6bc58f963dddd68ab669755582c30"
    integrity sha512-i4qoSr2KTtce0DmkuuQBV4AuQgGPUcPXMr9L5MyYAtk06z068lQ10a4O009fe5OB/DfNV+h+qqT7ddNV8UnRjg==
    dependencies:
      "@babel/code-frame" "^7.5.5"
      "@babel/generator" "^7.5.5"
      "@babel/helpers" "^7.5.5"
      "@babel/parser" "^7.5.5"
      "@babel/template" "^7.4.4"
      "@babel/traverse" "^7.5.5"
      "@babel/types" "^7.5.5"
      convert-source-map "^1.1.0"
      debug "^4.1.0"
      json5 "^2.1.0"
      lodash "^4.17.13"
      resolve "^1.3.2"
      semver "^5.4.1"
      source-map "^0.5.0"
  
  "@babel/generator@^7.5.0":
    version "7.5.0"
    resolved "https://registry.yarnpkg.com/@babel/generator/-/generator-7.5.0.tgz#f20e4b7a91750ee8b63656073d843d2a736dca4a"
    integrity sha512-1TTVrt7J9rcG5PMjvO7VEG3FrEoEJNHxumRq66GemPmzboLWtIjjcJgk8rokuAS7IiRSpgVSu5Vb9lc99iJkOA==
    dependencies:
      "@babel/types" "^7.5.0"
      jsesc "^2.5.1"
      lodash "^4.17.11"
      source-map "^0.5.0"
      trim-right "^1.0.1"
  
  "@babel/generator@^7.5.5":
    version "7.5.5"
    resolved "https://registry.yarnpkg.com/@babel/generator/-/generator-7.5.5.tgz#873a7f936a3c89491b43536d12245b626664e3cf"
    integrity sha512-ETI/4vyTSxTzGnU2c49XHv2zhExkv9JHLTwDAFz85kmcwuShvYG2H08FwgIguQf4JC75CBnXAUM5PqeF4fj0nQ==
    dependencies:
      "@babel/types" "^7.5.5"
      jsesc "^2.5.1"
      lodash "^4.17.13"
      source-map "^0.5.0"
      trim-right "^1.0.1"
  
  "@babel/helper-create-class-features-plugin@^7.5.5":
    version "7.5.5"
    resolved "https://registry.yarnpkg.com/@babel/helper-create-class-features-plugin/-/helper-create-class-features-plugin-7.5.5.tgz#401f302c8ddbc0edd36f7c6b2887d8fa1122e5a4"
    integrity sha512-ZsxkyYiRA7Bg+ZTRpPvB6AbOFKTFFK4LrvTet8lInm0V468MWCaSYJE+I7v2z2r8KNLtYiV+K5kTCnR7dvyZjg==
    dependencies:
      "@babel/helper-function-name" "^7.1.0"
      "@babel/helper-member-expression-to-functions" "^7.5.5"
      "@babel/helper-optimise-call-expression" "^7.0.0"
      "@babel/helper-plugin-utils" "^7.0.0"
      "@babel/helper-replace-supers" "^7.5.5"
      "@babel/helper-split-export-declaration" "^7.4.4"
  
  "@babel/helper-function-name@^7.1.0":
    version "7.1.0"
    resolved "https://registry.yarnpkg.com/@babel/helper-function-name/-/helper-function-name-7.1.0.tgz#a0ceb01685f73355d4360c1247f582bfafc8ff53"
    integrity sha512-A95XEoCpb3TO+KZzJ4S/5uW5fNe26DjBGqf1o9ucyLyCmi1dXq/B3c8iaWTfBk3VvetUxl16e8tIrd5teOCfGw==
    dependencies:
      "@babel/helper-get-function-arity" "^7.0.0"
      "@babel/template" "^7.1.0"
      "@babel/types" "^7.0.0"
  
  "@babel/helper-get-function-arity@^7.0.0":
    version "7.0.0"
    resolved "https://registry.yarnpkg.com/@babel/helper-get-function-arity/-/helper-get-function-arity-7.0.0.tgz#83572d4320e2a4657263734113c42868b64e49c3"
    integrity sha512-r2DbJeg4svYvt3HOS74U4eWKsUAMRH01Z1ds1zx8KNTPtpTL5JAsdFv8BNyOpVqdFhHkkRDIg5B4AsxmkjAlmQ==
    dependencies:
      "@babel/types" "^7.0.0"
  
  "@babel/helper-member-expression-to-functions@^7.5.5":
    version "7.5.5"
    resolved "https://registry.yarnpkg.com/@babel/helper-member-expression-to-functions/-/helper-member-expression-to-functions-7.5.5.tgz#1fb5b8ec4453a93c439ee9fe3aeea4a84b76b590"
    integrity sha512-5qZ3D1uMclSNqYcXqiHoA0meVdv+xUEex9em2fqMnrk/scphGlGgg66zjMrPJESPwrFJ6sbfFQYUSa0Mz7FabA==
    dependencies:
      "@babel/types" "^7.5.5"
  
  "@babel/helper-optimise-call-expression@^7.0.0":
    version "7.0.0"
    resolved "https://registry.yarnpkg.com/@babel/helper-optimise-call-expression/-/helper-optimise-call-expression-7.0.0.tgz#a2920c5702b073c15de51106200aa8cad20497d5"
    integrity sha512-u8nd9NQePYNQV8iPWu/pLLYBqZBa4ZaY1YWRFMuxrid94wKI1QNt67NEZ7GAe5Kc/0LLScbim05xZFWkAdrj9g==
    dependencies:
      "@babel/types" "^7.0.0"
  
  "@babel/helper-plugin-utils@^7.0.0":
    version "7.0.0"
    resolved "https://registry.yarnpkg.com/@babel/helper-plugin-utils/-/helper-plugin-utils-7.0.0.tgz#bbb3fbee98661c569034237cc03967ba99b4f250"
    integrity sha512-CYAOUCARwExnEixLdB6sDm2dIJ/YgEAKDM1MOeMeZu9Ld/bDgVo8aiWrXwcY7OBh+1Ea2uUcVRcxKk0GJvW7QA==
  
  "@babel/helper-replace-supers@^7.5.5":
    version "7.5.5"
    resolved "https://registry.yarnpkg.com/@babel/helper-replace-supers/-/helper-replace-supers-7.5.5.tgz#f84ce43df031222d2bad068d2626cb5799c34bc2"
    integrity sha512-XvRFWrNnlsow2u7jXDuH4jDDctkxbS7gXssrP4q2nUD606ukXHRvydj346wmNg+zAgpFx4MWf4+usfC93bElJg==
    dependencies:
      "@babel/helper-member-expression-to-functions" "^7.5.5"
      "@babel/helper-optimise-call-expression" "^7.0.0"
      "@babel/traverse" "^7.5.5"
      "@babel/types" "^7.5.5"
  
  "@babel/helper-split-export-declaration@^7.4.4":
    version "7.4.4"
    resolved "https://registry.yarnpkg.com/@babel/helper-split-export-declaration/-/helper-split-export-declaration-7.4.4.tgz#ff94894a340be78f53f06af038b205c49d993677"
    integrity sha512-Ro/XkzLf3JFITkW6b+hNxzZ1n5OQ80NvIUdmHspih1XAhtN3vPTuUFT4eQnela+2MaZ5ulH+iyP513KJrxbN7Q==
    dependencies:
      "@babel/types" "^7.4.4"
  
  "@babel/helpers@^7.5.5":
    version "7.5.5"
    resolved "https://registry.yarnpkg.com/@babel/helpers/-/helpers-7.5.5.tgz#63908d2a73942229d1e6685bc2a0e730dde3b75e"
    integrity sha512-nRq2BUhxZFnfEn/ciJuhklHvFOqjJUD5wpx+1bxUF2axL9C+v4DE/dmp5sT2dKnpOs4orZWzpAZqlCy8QqE/7g==
    dependencies:
      "@babel/template" "^7.4.4"
      "@babel/traverse" "^7.5.5"
      "@babel/types" "^7.5.5"
  
  "@babel/highlight@^7.0.0":
    version "7.5.0"
    resolved "https://registry.yarnpkg.com/@babel/highlight/-/highlight-7.5.0.tgz#56d11312bd9248fa619591d02472be6e8cb32540"
    integrity sha512-7dV4eu9gBxoM0dAnj/BCFDW9LFU0zvTrkq0ugM7pnHEgguOEeOz1so2ZghEdzviYzQEED0r4EAgpsBChKy1TRQ==
    dependencies:
      chalk "^2.0.0"
      esutils "^2.0.2"
      js-tokens "^4.0.0"
  
  "@babel/parser@^7.0.0", "@babel/parser@^7.4.4", "@babel/parser@^7.5.0":
    version "7.5.0"
    resolved "https://registry.yarnpkg.com/@babel/parser/-/parser-7.5.0.tgz#3e0713dff89ad6ae37faec3b29dcfc5c979770b7"
    integrity sha512-I5nW8AhGpOXGCCNYGc+p7ExQIBxRFnS2fd/d862bNOKvmoEPjYPcfIjsfdy0ujagYOIYPczKgD9l3FsgTkAzKA==
  
  "@babel/parser@^7.5.5":
    version "7.5.5"
    resolved "https://registry.yarnpkg.com/@babel/parser/-/parser-7.5.5.tgz#02f077ac8817d3df4a832ef59de67565e71cca4b"
    integrity sha512-E5BN68cqR7dhKan1SfqgPGhQ178bkVKpXTPEXnFJBrEt8/DKRZlybmy+IgYLTeN7tp1R5Ccmbm2rBk17sHYU3g==
  
  "@babel/plugin-proposal-class-properties@^7.5.5":
    version "7.5.5"
    resolved "https://registry.yarnpkg.com/@babel/plugin-proposal-class-properties/-/plugin-proposal-class-properties-7.5.5.tgz#a974cfae1e37c3110e71f3c6a2e48b8e71958cd4"
    integrity sha512-AF79FsnWFxjlaosgdi421vmYG6/jg79bVD0dpD44QdgobzHKuLZ6S3vl8la9qIeSwGi8i1fS0O1mfuDAAdo1/A==
    dependencies:
      "@babel/helper-create-class-features-plugin" "^7.5.5"
      "@babel/helper-plugin-utils" "^7.0.0"
  
  "@babel/template@^7.1.0", "@babel/template@^7.4.4":
    version "7.4.4"
    resolved "https://registry.yarnpkg.com/@babel/template/-/template-7.4.4.tgz#f4b88d1225689a08f5bc3a17483545be9e4ed237"
    integrity sha512-CiGzLN9KgAvgZsnivND7rkA+AeJ9JB0ciPOD4U59GKbQP2iQl+olF1l76kJOupqidozfZ32ghwBEJDhnk9MEcw==
    dependencies:
      "@babel/code-frame" "^7.0.0"
      "@babel/parser" "^7.4.4"
      "@babel/types" "^7.4.4"
  
  "@babel/traverse@^7.0.0":
    version "7.5.0"
    resolved "https://registry.yarnpkg.com/@babel/traverse/-/traverse-7.5.0.tgz#4216d6586854ef5c3c4592dab56ec7eb78485485"
    integrity sha512-SnA9aLbyOCcnnbQEGwdfBggnc142h/rbqqsXcaATj2hZcegCl903pUD/lfpsNBlBSuWow/YDfRyJuWi2EPR5cg==
    dependencies:
      "@babel/code-frame" "^7.0.0"
      "@babel/generator" "^7.5.0"
      "@babel/helper-function-name" "^7.1.0"
      "@babel/helper-split-export-declaration" "^7.4.4"
      "@babel/parser" "^7.5.0"
      "@babel/types" "^7.5.0"
      debug "^4.1.0"
      globals "^11.1.0"
      lodash "^4.17.11"
  
  "@babel/traverse@^7.5.5":
    version "7.5.5"
    resolved "https://registry.yarnpkg.com/@babel/traverse/-/traverse-7.5.5.tgz#f664f8f368ed32988cd648da9f72d5ca70f165bb"
    integrity sha512-MqB0782whsfffYfSjH4TM+LMjrJnhCNEDMDIjeTpl+ASaUvxcjoiVCo/sM1GhS1pHOXYfWVCYneLjMckuUxDaQ==
    dependencies:
      "@babel/code-frame" "^7.5.5"
      "@babel/generator" "^7.5.5"
      "@babel/helper-function-name" "^7.1.0"
      "@babel/helper-split-export-declaration" "^7.4.4"
      "@babel/parser" "^7.5.5"
      "@babel/types" "^7.5.5"
      debug "^4.1.0"
      globals "^11.1.0"
      lodash "^4.17.13"
  
  "@babel/types@^7.0.0", "@babel/types@^7.4.4", "@babel/types@^7.5.0":
    version "7.5.0"
    resolved "https://registry.yarnpkg.com/@babel/types/-/types-7.5.0.tgz#e47d43840c2e7f9105bc4d3a2c371b4d0c7832ab"
    integrity sha512-UFpDVqRABKsW01bvw7/wSUe56uy6RXM5+VJibVVAybDGxEW25jdwiFJEf7ASvSaC7sN7rbE/l3cLp2izav+CtQ==
    dependencies:
      esutils "^2.0.2"
      lodash "^4.17.11"
      to-fast-properties "^2.0.0"
  
  "@babel/types@^7.5.5":
    version "7.5.5"
    resolved "https://registry.yarnpkg.com/@babel/types/-/types-7.5.5.tgz#97b9f728e182785909aa4ab56264f090a028d18a"
    integrity sha512-s63F9nJioLqOlW3UkyMd+BYhXt44YuaFm/VV0VwuteqjYwRrObkU7ra9pY4wAJR3oXi8hJrMcrcJdO/HH33vtw==
    dependencies:
      esutils "^2.0.2"
      lodash "^4.17.13"
      to-fast-properties "^2.0.0"
  
  "@pixi/accessibility@^5.0.4":
    version "5.0.4"
    resolved "https://registry.yarnpkg.com/@pixi/accessibility/-/accessibility-5.0.4.tgz#4208499b912088b5cd8411d46f16e41911032ec4"
    integrity sha512-NghhbRMe184NuuItwLncYuetOcyrBT08HPN9X3uhz2QuW3KLCEA/NTJhJF+uyGAa6bMAnEB3O8cJnP7NJWvZ4w==
    dependencies:
      "@pixi/core" "^5.0.4"
      "@pixi/display" "^5.0.4"
      "@pixi/utils" "^5.0.4"
  
  "@pixi/app@^5.0.4":
    version "5.0.4"
    resolved "https://registry.yarnpkg.com/@pixi/app/-/app-5.0.4.tgz#b4cd2f0980833f0440a05576c20fa48f881ff92e"
    integrity sha512-qAO/5TDJiEpZnXvvkj37mEACwJJ+1vfg5G4LMvIqyVcYoP7mapdHYNL0OdilqfjPShmcp1l5jZXIa6SSQedhKg==
    dependencies:
      "@pixi/core" "^5.0.4"
      "@pixi/display" "^5.0.4"
  
  "@pixi/constants@^5.0.4":
    version "5.0.4"
    resolved "https://registry.yarnpkg.com/@pixi/constants/-/constants-5.0.4.tgz#ff8913ffd540aecb138c5f2c1113d16bea6de7d4"
    integrity sha512-M1w5ah3Ilp4hwW/jyX+v2b/nLhak35fA8yJk23BbgQKIhqng0s78cCLBTvoCV/s7cEVcm0kive+TEWs+YJl5Vg==
  
  "@pixi/core@^5.0.4":
    version "5.0.4"
    resolved "https://registry.yarnpkg.com/@pixi/core/-/core-5.0.4.tgz#2bc1e797a6810c68238e700de5169bf25397eb1e"
    integrity sha512-P2K2JJC+BFZrRZT9P0+Ir8jd7VrH6w7/L1Njg2+iSetW9TdjkPahR+w93VGwpEzEkrYHoNs6FbSFCY38P/6g8A==
    dependencies:
      "@pixi/constants" "^5.0.4"
      "@pixi/display" "^5.0.4"
      "@pixi/math" "^5.0.4"
      "@pixi/runner" "^5.0.4"
      "@pixi/settings" "^5.0.4"
      "@pixi/ticker" "^5.0.4"
      "@pixi/utils" "^5.0.4"
  
  "@pixi/display@^5.0.4":
    version "5.0.4"
    resolved "https://registry.yarnpkg.com/@pixi/display/-/display-5.0.4.tgz#38c75f4dfb6e183493b3c3e98b2a26e9e5fc3c21"
    integrity sha512-SokeMauhg1v6W8NJQfdpKnAx28afbdL2eB/yKgfH9mOHol/A2Zwfx2ZpaXfAMA9jySEL16jpRNqWh/3kf6GPKw==
    dependencies:
      "@pixi/math" "^5.0.4"
      "@pixi/settings" "^5.0.4"
      "@pixi/utils" "^5.0.4"
  
  "@pixi/extract@^5.0.4":
    version "5.0.4"
    resolved "https://registry.yarnpkg.com/@pixi/extract/-/extract-5.0.4.tgz#84c4f02767cdb738d894f3a12f3448fc1dc73991"
    integrity sha512-dnBPfQXvUss0HXQ81v9OlRj6tQX55wRtuKek5gqDn1do0n1j5uvi+frLTRLFfgIIK3T08wbbYb6bFFiiL4nQFw==
    dependencies:
      "@pixi/core" "^5.0.4"
      "@pixi/math" "^5.0.4"
      "@pixi/utils" "^5.0.4"
  
  "@pixi/filter-alpha@^5.0.4":
    version "5.0.4"
    resolved "https://registry.yarnpkg.com/@pixi/filter-alpha/-/filter-alpha-5.0.4.tgz#a72b089265931cffce75282a77d89927c6eddd57"
    integrity sha512-TcHukIRQzwl/U44j7ytV+dRJmyF8vgcRutRobFkQYUwL83sPBybFiITiQ+xIJddxtEVBIgIO9SA9Dss3zIylIA==
    dependencies:
      "@pixi/core" "^5.0.4"
  
  "@pixi/filter-blur@^5.0.4":
    version "5.0.4"
    resolved "https://registry.yarnpkg.com/@pixi/filter-blur/-/filter-blur-5.0.4.tgz#a50e3f15984a604c103c7320c6293cea0e930dac"
    integrity sha512-HHrOCOY4SiaEzWbiXl7mdjTxf+f762ms0+BcPq4MWdNG1voZDN0XPr9s5eL635zwyfONF9XHcsaiPzqwOARoeg==
    dependencies:
      "@pixi/core" "^5.0.4"
      "@pixi/settings" "^5.0.4"
  
  "@pixi/filter-color-matrix@^5.0.4":
    version "5.0.4"
    resolved "https://registry.yarnpkg.com/@pixi/filter-color-matrix/-/filter-color-matrix-5.0.4.tgz#2f09dd58d5304a197ece5f5abcf7605902c3875e"
    integrity sha512-uNY32xd7dt6g+Pe+3QJBBwTAuNQKvAx1EYEvRT8rFlye/TAYeXkAbxWjLYBFpnlZLaCNHLfjOu6UZBhwaqlZ/w==
    dependencies:
      "@pixi/core" "^5.0.4"
  
  "@pixi/filter-displacement@^5.0.4":
    version "5.0.4"
    resolved "https://registry.yarnpkg.com/@pixi/filter-displacement/-/filter-displacement-5.0.4.tgz#157813de2a3ba5b1b0ee5a0547834d3198012f3f"
    integrity sha512-XCDrIF84K5RcafUDO78GlgwZ99+0FC/VS50qhLlnM9PyxKLrDXOUim8VsOZL+bycrArK5VgwK5G/sBI69Eqe9Q==
    dependencies:
      "@pixi/core" "^5.0.4"
      "@pixi/math" "^5.0.4"
  
  "@pixi/filter-fxaa@^5.0.4":
    version "5.0.4"
    resolved "https://registry.yarnpkg.com/@pixi/filter-fxaa/-/filter-fxaa-5.0.4.tgz#2ff5077d86b69abfab07eca7f1c23877c5fd6efb"
    integrity sha512-8NfOQ5jz9hYlvXaNrBuCJvACqXE4gt3IURoD13SK5fMdbtdJZsv9DS1bvb2gpQwS4EhDmw8gNimcy1UIzk72Fg==
    dependencies:
      "@pixi/core" "^5.0.4"
  
  "@pixi/filter-noise@^5.0.4":
    version "5.0.4"
    resolved "https://registry.yarnpkg.com/@pixi/filter-noise/-/filter-noise-5.0.4.tgz#f0fc6f12d55f66cc643e440a34256ac67d5fa4d5"
    integrity sha512-QpKN4JhgdG75zH8uxv2PWPux7vrjOEnTtpLe3p+f/C+QQb+OD4duzTFS6k4flAZMdEkloZk9MoJPLn6I/S00NQ==
    dependencies:
      "@pixi/core" "^5.0.4"
  
  "@pixi/graphics@^5.0.4":
    version "5.0.4"
    resolved "https://registry.yarnpkg.com/@pixi/graphics/-/graphics-5.0.4.tgz#eb999fe5323afb43fa017920a1716978f4891ffc"
    integrity sha512-Q8ZQdkMRAsd9U85rP9M1y5PYrE+hNLDOUJ1yKdVdcpq0UzrDflvVKpk58bcSNXR4a+lpYz1Ly6Pi+Xv6Hb1R1A==
    dependencies:
      "@pixi/constants" "^5.0.4"
      "@pixi/core" "^5.0.4"
      "@pixi/display" "^5.0.4"
      "@pixi/math" "^5.0.4"
      "@pixi/sprite" "^5.0.4"
      "@pixi/utils" "^5.0.4"
  
  "@pixi/interaction@^5.0.4":
    version "5.0.4"
    resolved "https://registry.yarnpkg.com/@pixi/interaction/-/interaction-5.0.4.tgz#14286eb88ddc5d6d74232e149c1755da2df4c4e1"
    integrity sha512-DRFqLfIWZq+2O+3+yLzQDY366ZYbcptoY1AUCsDbIKgN6lM9CZnw5MckXjXuhat8RnZ80mXXi7lBqD03Y9+RVQ==
    dependencies:
      "@pixi/core" "^5.0.4"
      "@pixi/display" "^5.0.4"
      "@pixi/math" "^5.0.4"
      "@pixi/ticker" "^5.0.4"
      "@pixi/utils" "^5.0.4"
  
  "@pixi/loaders@^5.0.4":
    version "5.0.4"
    resolved "https://registry.yarnpkg.com/@pixi/loaders/-/loaders-5.0.4.tgz#6befefcd3b5066e9548330cf5bfc40fbd7736cd4"
    integrity sha512-SRboskl4eK5eBALGafUwkVSIFxqAmRZwISTOOPmEnn372+bdrp7FtKEzdF5aZoKv0ugsQ0/NjUEaqZD2Ux6z+Q==
    dependencies:
      "@pixi/core" "^5.0.4"
      "@pixi/utils" "^5.0.4"
      resource-loader "^2.2.4"
  
  "@pixi/math@^5.0.4":
    version "5.0.4"
    resolved "https://registry.yarnpkg.com/@pixi/math/-/math-5.0.4.tgz#27a431cd59ec31a10049a6f5032bc77dbf3b600e"
    integrity sha512-Guhhm5m+jZu4vKusb/c4iwS+DOGJc/ePIaSHwRxqzL9FZr7y4RmjzH0793k8KHtmUWITqh4ABdG89/u0mYlY5w==
  
  "@pixi/mesh-extras@^5.0.4":
    version "5.0.4"
    resolved "https://registry.yarnpkg.com/@pixi/mesh-extras/-/mesh-extras-5.0.4.tgz#a558aee592a3baf80d9da7f66eacf2c31f6d2278"
    integrity sha512-twnXqvve4Emf04AQ1IuFK8vXMxQzQJ+K3Au7wShqtPTD21d3hweVe7HAl8Kh0q2JWg3UGQtRURamcvQDkNa4Bw==
    dependencies:
      "@pixi/constants" "^5.0.4"
      "@pixi/core" "^5.0.4"
      "@pixi/math" "^5.0.4"
      "@pixi/mesh" "^5.0.4"
      "@pixi/utils" "^5.0.4"
  
  "@pixi/mesh@^5.0.4":
    version "5.0.4"
    resolved "https://registry.yarnpkg.com/@pixi/mesh/-/mesh-5.0.4.tgz#6b5380815a0214df45b320dd204a694083e5bc49"
    integrity sha512-lITixOeeq2BNspg8C0gCIEiOC02bh5oxVz+0C0f4EDYYYnjjsJ3RGu1ifuUZfhh1FPGa2RTZSBRtljbqOMwNTg==
    dependencies:
      "@pixi/constants" "^5.0.4"
      "@pixi/core" "^5.0.4"
      "@pixi/display" "^5.0.4"
      "@pixi/math" "^5.0.4"
      "@pixi/settings" "^5.0.4"
      "@pixi/utils" "^5.0.4"
  
  "@pixi/mixin-cache-as-bitmap@^5.0.4":
    version "5.0.4"
    resolved "https://registry.yarnpkg.com/@pixi/mixin-cache-as-bitmap/-/mixin-cache-as-bitmap-5.0.4.tgz#e5a035537069815ef34be97eb9cdb96e93536206"
    integrity sha512-HzE4gbZyX23DfJYdaaAbViD11lWzWoNO0fAFJLydgL3maoRyE3kCQGHbVxotz7fBSeC4NZmlE8ttTpADv8MTFA==
    dependencies:
      "@pixi/core" "^5.0.4"
      "@pixi/display" "^5.0.4"
      "@pixi/math" "^5.0.4"
      "@pixi/settings" "^5.0.4"
      "@pixi/sprite" "^5.0.4"
      "@pixi/utils" "^5.0.4"
  
  "@pixi/mixin-get-child-by-name@^5.0.4":
    version "5.0.4"
    resolved "https://registry.yarnpkg.com/@pixi/mixin-get-child-by-name/-/mixin-get-child-by-name-5.0.4.tgz#345b7dec81836b9dccfe6de786d4ed21893bdee0"
    integrity sha512-QxSZutUh4xPr9PZctkOdiWDfmmwDMzJegusOA4ZaNwZink/nEzgVyfE7s5icKoAXQOVOrak2ugl7PVt5IAAgqQ==
    dependencies:
      "@pixi/display" "^5.0.4"
  
  "@pixi/mixin-get-global-position@^5.0.4":
    version "5.0.4"
    resolved "https://registry.yarnpkg.com/@pixi/mixin-get-global-position/-/mixin-get-global-position-5.0.4.tgz#0036fb736f3403645cd7926b1c79a152f6e72aaa"
    integrity sha512-KhrCjIU8Udk2avPjBpyGHDaDcGMsXqr1xphDc1eeZ4rSi/QXLznzW4TF3oKQKiOulSIYdpXQDp79RQA3YGVPbQ==
    dependencies:
      "@pixi/display" "^5.0.4"
      "@pixi/math" "^5.0.4"
  
  "@pixi/particles@^5.0.4":
    version "5.0.4"
    resolved "https://registry.yarnpkg.com/@pixi/particles/-/particles-5.0.4.tgz#876b79e753e4bf8e3e67d8c7c8021b80db674ccb"
    integrity sha512-W995zZ8NRMpbqVrRQhx/FBF2Ty5YMU8QxpwjKyxIhORDUB7HRxKbPQ3NhQ2ByeH0i93UZutA0cQFToItkX/3aw==
    dependencies:
      "@pixi/constants" "^5.0.4"
      "@pixi/core" "^5.0.4"
      "@pixi/display" "^5.0.4"
      "@pixi/math" "^5.0.4"
      "@pixi/utils" "^5.0.4"
  
  "@pixi/polyfill@^5.0.4":
    version "5.0.4"
    resolved "https://registry.yarnpkg.com/@pixi/polyfill/-/polyfill-5.0.4.tgz#4db88826b8cc7a1f937eb82b6d8de39ee407cde6"
    integrity sha512-NjHHeP1U4gxiWu5iVhRf5YWYsX2M8VaLkT3XsjuBDRdiR/AWzpvXIk3k7sYMsMhidgP5dBfzGzxSf3hACtpDXg==
    dependencies:
      es6-promise-polyfill "^1.2.0"
      object-assign "^4.1.1"
  
  "@pixi/prepare@^5.0.4":
    version "5.0.4"
    resolved "https://registry.yarnpkg.com/@pixi/prepare/-/prepare-5.0.4.tgz#ae072b240d135a40d895065ae8813d3e7044134c"
    integrity sha512-KJgfXa5JF4s+Wt2siKKD51ntrLsmILx80Xmp3xIElBcu2LL4F1NVYfwUR+QUYwLUoIZPYQJmswh+oco8IhMpPg==
    dependencies:
      "@pixi/core" "^5.0.4"
      "@pixi/display" "^5.0.4"
      "@pixi/graphics" "^5.0.4"
      "@pixi/settings" "^5.0.4"
      "@pixi/text" "^5.0.4"
      "@pixi/ticker" "^5.0.4"
  
  "@pixi/runner@^5.0.4":
    version "5.0.4"
    resolved "https://registry.yarnpkg.com/@pixi/runner/-/runner-5.0.4.tgz#ea739b14c9c032f61f6e2a04700d95d30a845fa3"
    integrity sha512-wrzzrwoLO9V3pQ9SyOaYYmHU63R6BuGVa8q6AI4A7B2+2L35fm6tVEv6Gkqasu8QUTW6Qi3fiNLsrJwfLFDb5g==
  
  "@pixi/settings@^5.0.4":
    version "5.0.4"
    resolved "https://registry.yarnpkg.com/@pixi/settings/-/settings-5.0.4.tgz#162da11356f3e791c9b3c9346806637e741e79c7"
    integrity sha512-04CAGb93J+UJO5kXotB95NA2iTjwve7MZ+Ifs3KvYJN1iqJ9Aza64ygrzTtkmztKO+5qm3ODylVh4iTb9nGEJA==
    dependencies:
      ismobilejs "^0.5.1"
  
  "@pixi/sprite-animated@^5.0.4":
    version "5.0.4"
    resolved "https://registry.yarnpkg.com/@pixi/sprite-animated/-/sprite-animated-5.0.4.tgz#7576f64d29bfaa4416ab9b76ae9d29ac1b9640b1"
    integrity sha512-tRwoe6rL/ofs5+rVn291Dv3/l34lT4KwVi8LhcnxXo5dglFNdGdksZ5ilNHOUPW9nAN/D99LO5HsVf7kQkIvKQ==
    dependencies:
      "@pixi/core" "^5.0.4"
      "@pixi/sprite" "^5.0.4"
      "@pixi/ticker" "^5.0.4"
  
  "@pixi/sprite-tiling@^5.0.4":
    version "5.0.4"
    resolved "https://registry.yarnpkg.com/@pixi/sprite-tiling/-/sprite-tiling-5.0.4.tgz#36009ea454b816475b3dc049a9dc0eeb4ef0b655"
    integrity sha512-bNa6UpsDgtFjDT5+wubgldKt+5JNamTFL4eBaBCtfWwtlejpb6jlGJoMY+fR90071uN6e4NakqKYtTlfj2VMpg==
    dependencies:
      "@pixi/constants" "^5.0.4"
      "@pixi/core" "^5.0.4"
      "@pixi/display" "^5.0.4"
      "@pixi/math" "^5.0.4"
      "@pixi/sprite" "^5.0.4"
      "@pixi/utils" "^5.0.4"
  
  "@pixi/sprite@^5.0.4":
    version "5.0.4"
    resolved "https://registry.yarnpkg.com/@pixi/sprite/-/sprite-5.0.4.tgz#5cfdd9a1682bb5a913b1fa9d17f9abb048482b26"
    integrity sha512-IrLS0Mf51rIfOVbtkiilSiHe0x6XznIzxk/dt26BFfIubcCjZssf4pe3/nPrxot5MPjPUWf5uAtDY1NSWHMRlQ==
    dependencies:
      "@pixi/constants" "^5.0.4"
      "@pixi/core" "^5.0.4"
      "@pixi/display" "^5.0.4"
      "@pixi/math" "^5.0.4"
      "@pixi/settings" "^5.0.4"
      "@pixi/utils" "^5.0.4"
  
  "@pixi/spritesheet@^5.0.4":
    version "5.0.4"
    resolved "https://registry.yarnpkg.com/@pixi/spritesheet/-/spritesheet-5.0.4.tgz#c984ea8cdcc8c48a2b8ca7d41f13398800b2e662"
    integrity sha512-vQBK73rLzzaws31DEJ0zGuNbvWuSy756mJcMare4MFdP1fdshx7dfDQzFWYdH5ffvYAwNPPUcCZdjuaGKAxHuA==
    dependencies:
      "@pixi/core" "^5.0.4"
      "@pixi/loaders" "^5.0.4"
      "@pixi/math" "^5.0.4"
      "@pixi/utils" "^5.0.4"
  
  "@pixi/text-bitmap@^5.0.4":
    version "5.0.4"
    resolved "https://registry.yarnpkg.com/@pixi/text-bitmap/-/text-bitmap-5.0.4.tgz#e490c9280b6ddf29bc376d22f27f2ac8a570a662"
    integrity sha512-Cw+NaZzVt1MfEdT11bq0bEAv9j3y9h18U5c4vOyMT0GbNrVDHTvSHfAvsU73+EJO3WmmiusHsV5r2IaGQt5XiA==
    dependencies:
      "@pixi/core" "^5.0.4"
      "@pixi/display" "^5.0.4"
      "@pixi/loaders" "^5.0.4"
      "@pixi/math" "^5.0.4"
      "@pixi/settings" "^5.0.4"
      "@pixi/sprite" "^5.0.4"
      "@pixi/utils" "^5.0.4"
  
  "@pixi/text@^5.0.4":
    version "5.0.4"
    resolved "https://registry.yarnpkg.com/@pixi/text/-/text-5.0.4.tgz#1a650cacd5abfff9c1821b83336e46e15d9d53d8"
    integrity sha512-20DyyyGlix3Skw7leHGDfQW5JpQNwnpFOtXY9t0XXJKBU4/nJDJ+wF1X7a6VuLZNLNLubnomEWtNoYgzNEHvXQ==
    dependencies:
      "@pixi/core" "^5.0.4"
      "@pixi/math" "^5.0.4"
      "@pixi/settings" "^5.0.4"
      "@pixi/sprite" "^5.0.4"
      "@pixi/utils" "^5.0.4"
  
  "@pixi/ticker@^5.0.4":
    version "5.0.4"
    resolved "https://registry.yarnpkg.com/@pixi/ticker/-/ticker-5.0.4.tgz#7066f07a32d9c2007fd67e65256b3ed4af1c721b"
    integrity sha512-K2NlLxni40jK2pdCa0ImpTBK/MzIxxQkx1sWQpOAm4dl4QJhbURIzLS9z2DgJ8L5kPWAGWtaZde5Z1doTV48bw==
    dependencies:
      "@pixi/settings" "^5.0.4"
  
  "@pixi/utils@^5.0.4":
    version "5.0.4"
    resolved "https://registry.yarnpkg.com/@pixi/utils/-/utils-5.0.4.tgz#3b013491af245798d2309c4382c114170eae5836"
    integrity sha512-j6DiIo18gkMZC64RqvZME5Cun5nQBB3OxnuT5rrQeBU+pM6kOfz8Akr8GNcbCukmjM1k3FALHyCF/OfnZCTDzw==
    dependencies:
      "@pixi/constants" "^5.0.4"
      "@pixi/settings" "^5.0.4"
      earcut "^2.1.5"
      eventemitter3 "^3.1.0"
      url "^0.11.0"
  
  ansi-regex@^2.0.0:
    version "2.1.1"
    resolved "https://registry.yarnpkg.com/ansi-regex/-/ansi-regex-2.1.1.tgz#c3b33ab5ee360d86e0e628f0468ae7ef27d654df"
    integrity sha1-w7M6te42DYbg5ijwRorn7yfWVN8=
  
  ansi-styles@^2.2.1:
    version "2.2.1"
    resolved "https://registry.yarnpkg.com/ansi-styles/-/ansi-styles-2.2.1.tgz#b432dd3358b634cf75e1e4664368240533c1ddbe"
    integrity sha1-tDLdM1i2NM914eRmQ2gkBTPB3b4=
  
  ansi-styles@^3.2.1:
    version "3.2.1"
    resolved "https://registry.yarnpkg.com/ansi-styles/-/ansi-styles-3.2.1.tgz#41fbb20243e50b12be0f04b8dedbf07520ce841d"
    integrity sha512-VT0ZI6kZRdTh8YyJw3SMbYm/u+NqfsAxEpWO0Pf9sq8/e94WxxOpPKx9FR1FlyCtOVDNOQ+8ntlqFxiRc+r5qA==
    dependencies:
      color-convert "^1.9.0"
  
  babel-code-frame@^6.26.0:
    version "6.26.0"
    resolved "https://registry.yarnpkg.com/babel-code-frame/-/babel-code-frame-6.26.0.tgz#63fd43f7dc1e3bb7ce35947db8fe369a3f58c74b"
    integrity sha1-Y/1D99weO7fONZR9uP42mj9Yx0s=
    dependencies:
      chalk "^1.1.3"
      esutils "^2.0.2"
      js-tokens "^3.0.2"
  
  babel-core@^7:
    version "7.0.0-bridge.0"
    resolved "https://registry.yarnpkg.com/babel-core/-/babel-core-7.0.0-bridge.0.tgz#95a492ddd90f9b4e9a4a1da14eb335b87b634ece"
    integrity sha512-poPX9mZH/5CSanm50Q+1toVci6pv5KSRv/5TWCwtzQS5XEwn40BcCrgIeMFWP9CKKIniKXNxoIOnOq4VVlGXhg==
  
  babel-eslint@^10.0.2:
    version "10.0.2"
    resolved "https://registry.yarnpkg.com/babel-eslint/-/babel-eslint-10.0.2.tgz#182d5ac204579ff0881684b040560fdcc1558456"
    integrity sha512-UdsurWPtgiPgpJ06ryUnuaSXC2s0WoSZnQmEpbAH65XZSdwowgN5MvyP7e88nW07FYXv72erVtpBkxyDVKhH1Q==
    dependencies:
      "@babel/code-frame" "^7.0.0"
      "@babel/parser" "^7.0.0"
      "@babel/traverse" "^7.0.0"
      "@babel/types" "^7.0.0"
      eslint-scope "3.7.1"
      eslint-visitor-keys "^1.0.0"
  
  babel-helper-builder-binary-assignment-operator-visitor@^6.24.1:
    version "6.24.1"
    resolved "https://registry.yarnpkg.com/babel-helper-builder-binary-assignment-operator-visitor/-/babel-helper-builder-binary-assignment-operator-visitor-6.24.1.tgz#cce4517ada356f4220bcae8a02c2b346f9a56664"
    integrity sha1-zORReto1b0IgvK6KAsKzRvmlZmQ=
    dependencies:
      babel-helper-explode-assignable-expression "^6.24.1"
      babel-runtime "^6.22.0"
      babel-types "^6.24.1"
  
  babel-helper-call-delegate@^6.24.1:
    version "6.24.1"
    resolved "https://registry.yarnpkg.com/babel-helper-call-delegate/-/babel-helper-call-delegate-6.24.1.tgz#ece6aacddc76e41c3461f88bfc575bd0daa2df8d"
    integrity sha1-7Oaqzdx25Bw0YfiL/Fdb0Nqi340=
    dependencies:
      babel-helper-hoist-variables "^6.24.1"
      babel-runtime "^6.22.0"
      babel-traverse "^6.24.1"
      babel-types "^6.24.1"
  
  babel-helper-define-map@^6.24.1:
    version "6.26.0"
    resolved "https://registry.yarnpkg.com/babel-helper-define-map/-/babel-helper-define-map-6.26.0.tgz#a5f56dab41a25f97ecb498c7ebaca9819f95be5f"
    integrity sha1-pfVtq0GiX5fstJjH66ypgZ+Vvl8=
    dependencies:
      babel-helper-function-name "^6.24.1"
      babel-runtime "^6.26.0"
      babel-types "^6.26.0"
      lodash "^4.17.4"
  
  babel-helper-explode-assignable-expression@^6.24.1:
    version "6.24.1"
    resolved "https://registry.yarnpkg.com/babel-helper-explode-assignable-expression/-/babel-helper-explode-assignable-expression-6.24.1.tgz#f25b82cf7dc10433c55f70592d5746400ac22caa"
    integrity sha1-8luCz33BBDPFX3BZLVdGQArCLKo=
    dependencies:
      babel-runtime "^6.22.0"
      babel-traverse "^6.24.1"
      babel-types "^6.24.1"
  
  babel-helper-function-name@^6.24.1:
    version "6.24.1"
    resolved "https://registry.yarnpkg.com/babel-helper-function-name/-/babel-helper-function-name-6.24.1.tgz#d3475b8c03ed98242a25b48351ab18399d3580a9"
    integrity sha1-00dbjAPtmCQqJbSDUasYOZ01gKk=
    dependencies:
      babel-helper-get-function-arity "^6.24.1"
      babel-runtime "^6.22.0"
      babel-template "^6.24.1"
      babel-traverse "^6.24.1"
      babel-types "^6.24.1"
  
  babel-helper-get-function-arity@^6.24.1:
    version "6.24.1"
    resolved "https://registry.yarnpkg.com/babel-helper-get-function-arity/-/babel-helper-get-function-arity-6.24.1.tgz#8f7782aa93407c41d3aa50908f89b031b1b6853d"
    integrity sha1-j3eCqpNAfEHTqlCQj4mwMbG2hT0=
    dependencies:
      babel-runtime "^6.22.0"
      babel-types "^6.24.1"
  
  babel-helper-hoist-variables@^6.24.1:
    version "6.24.1"
    resolved "https://registry.yarnpkg.com/babel-helper-hoist-variables/-/babel-helper-hoist-variables-6.24.1.tgz#1ecb27689c9d25513eadbc9914a73f5408be7a76"
    integrity sha1-HssnaJydJVE+rbyZFKc/VAi+enY=
    dependencies:
      babel-runtime "^6.22.0"
      babel-types "^6.24.1"
  
  babel-helper-optimise-call-expression@^6.24.1:
    version "6.24.1"
    resolved "https://registry.yarnpkg.com/babel-helper-optimise-call-expression/-/babel-helper-optimise-call-expression-6.24.1.tgz#f7a13427ba9f73f8f4fa993c54a97882d1244257"
    integrity sha1-96E0J7qfc/j0+pk8VKl4gtEkQlc=
    dependencies:
      babel-runtime "^6.22.0"
      babel-types "^6.24.1"
  
  babel-helper-regex@^6.24.1:
    version "6.26.0"
    resolved "https://registry.yarnpkg.com/babel-helper-regex/-/babel-helper-regex-6.26.0.tgz#325c59f902f82f24b74faceed0363954f6495e72"
    integrity sha1-MlxZ+QL4LyS3T6zu0DY5VPZJXnI=
    dependencies:
      babel-runtime "^6.26.0"
      babel-types "^6.26.0"
      lodash "^4.17.4"
  
  babel-helper-remap-async-to-generator@^6.24.1:
    version "6.24.1"
    resolved "https://registry.yarnpkg.com/babel-helper-remap-async-to-generator/-/babel-helper-remap-async-to-generator-6.24.1.tgz#5ec581827ad723fecdd381f1c928390676e4551b"
    integrity sha1-XsWBgnrXI/7N04HxySg5BnbkVRs=
    dependencies:
      babel-helper-function-name "^6.24.1"
      babel-runtime "^6.22.0"
      babel-template "^6.24.1"
      babel-traverse "^6.24.1"
      babel-types "^6.24.1"
  
  babel-helper-replace-supers@^6.24.1:
    version "6.24.1"
    resolved "https://registry.yarnpkg.com/babel-helper-replace-supers/-/babel-helper-replace-supers-6.24.1.tgz#bf6dbfe43938d17369a213ca8a8bf74b6a90ab1a"
    integrity sha1-v22/5Dk40XNpohPKiov3S2qQqxo=
    dependencies:
      babel-helper-optimise-call-expression "^6.24.1"
      babel-messages "^6.23.0"
      babel-runtime "^6.22.0"
      babel-template "^6.24.1"
      babel-traverse "^6.24.1"
      babel-types "^6.24.1"
  
  babel-messages@^6.23.0:
    version "6.23.0"
    resolved "https://registry.yarnpkg.com/babel-messages/-/babel-messages-6.23.0.tgz#f3cdf4703858035b2a2951c6ec5edf6c62f2630e"
    integrity sha1-8830cDhYA1sqKVHG7F7fbGLyYw4=
    dependencies:
      babel-runtime "^6.22.0"
  
  babel-plugin-check-es2015-constants@^6.22.0:
    version "6.22.0"
    resolved "https://registry.yarnpkg.com/babel-plugin-check-es2015-constants/-/babel-plugin-check-es2015-constants-6.22.0.tgz#35157b101426fd2ffd3da3f75c7d1e91835bbf8a"
    integrity sha1-NRV7EBQm/S/9PaP3XH0ekYNbv4o=
    dependencies:
      babel-runtime "^6.22.0"
  
  babel-plugin-syntax-async-functions@^6.8.0:
    version "6.13.0"
    resolved "https://registry.yarnpkg.com/babel-plugin-syntax-async-functions/-/babel-plugin-syntax-async-functions-6.13.0.tgz#cad9cad1191b5ad634bf30ae0872391e0647be95"
    integrity sha1-ytnK0RkbWtY0vzCuCHI5HgZHvpU=
  
  babel-plugin-syntax-exponentiation-operator@^6.8.0:
    version "6.13.0"
    resolved "https://registry.yarnpkg.com/babel-plugin-syntax-exponentiation-operator/-/babel-plugin-syntax-exponentiation-operator-6.13.0.tgz#9ee7e8337290da95288201a6a57f4170317830de"
    integrity sha1-nufoM3KQ2pUoggGmpX9BcDF4MN4=
  
  babel-plugin-syntax-trailing-function-commas@^6.22.0:
    version "6.22.0"
    resolved "https://registry.yarnpkg.com/babel-plugin-syntax-trailing-function-commas/-/babel-plugin-syntax-trailing-function-commas-6.22.0.tgz#ba0360937f8d06e40180a43fe0d5616fff532cf3"
    integrity sha1-ugNgk3+NBuQBgKQ/4NVhb/9TLPM=
  
  babel-plugin-transform-async-to-generator@^6.22.0:
    version "6.24.1"
    resolved "https://registry.yarnpkg.com/babel-plugin-transform-async-to-generator/-/babel-plugin-transform-async-to-generator-6.24.1.tgz#6536e378aff6cb1d5517ac0e40eb3e9fc8d08761"
    integrity sha1-ZTbjeK/2yx1VF6wOQOs+n8jQh2E=
    dependencies:
      babel-helper-remap-async-to-generator "^6.24.1"
      babel-plugin-syntax-async-functions "^6.8.0"
      babel-runtime "^6.22.0"
  
  babel-plugin-transform-es2015-arrow-functions@^6.22.0:
    version "6.22.0"
    resolved "https://registry.yarnpkg.com/babel-plugin-transform-es2015-arrow-functions/-/babel-plugin-transform-es2015-arrow-functions-6.22.0.tgz#452692cb711d5f79dc7f85e440ce41b9f244d221"
    integrity sha1-RSaSy3EdX3ncf4XkQM5BufJE0iE=
    dependencies:
      babel-runtime "^6.22.0"
  
  babel-plugin-transform-es2015-block-scoped-functions@^6.22.0:
    version "6.22.0"
    resolved "https://registry.yarnpkg.com/babel-plugin-transform-es2015-block-scoped-functions/-/babel-plugin-transform-es2015-block-scoped-functions-6.22.0.tgz#bbc51b49f964d70cb8d8e0b94e820246ce3a6141"
    integrity sha1-u8UbSflk1wy42OC5ToICRs46YUE=
    dependencies:
      babel-runtime "^6.22.0"
  
  babel-plugin-transform-es2015-block-scoping@^6.23.0:
    version "6.26.0"
    resolved "https://registry.yarnpkg.com/babel-plugin-transform-es2015-block-scoping/-/babel-plugin-transform-es2015-block-scoping-6.26.0.tgz#d70f5299c1308d05c12f463813b0a09e73b1895f"
    integrity sha1-1w9SmcEwjQXBL0Y4E7CgnnOxiV8=
    dependencies:
      babel-runtime "^6.26.0"
      babel-template "^6.26.0"
      babel-traverse "^6.26.0"
      babel-types "^6.26.0"
      lodash "^4.17.4"
  
  babel-plugin-transform-es2015-classes@^6.23.0:
    version "6.24.1"
    resolved "https://registry.yarnpkg.com/babel-plugin-transform-es2015-classes/-/babel-plugin-transform-es2015-classes-6.24.1.tgz#5a4c58a50c9c9461e564b4b2a3bfabc97a2584db"
    integrity sha1-WkxYpQyclGHlZLSyo7+ryXolhNs=
    dependencies:
      babel-helper-define-map "^6.24.1"
      babel-helper-function-name "^6.24.1"
      babel-helper-optimise-call-expression "^6.24.1"
      babel-helper-replace-supers "^6.24.1"
      babel-messages "^6.23.0"
      babel-runtime "^6.22.0"
      babel-template "^6.24.1"
      babel-traverse "^6.24.1"
      babel-types "^6.24.1"
  
  babel-plugin-transform-es2015-computed-properties@^6.22.0:
    version "6.24.1"
    resolved "https://registry.yarnpkg.com/babel-plugin-transform-es2015-computed-properties/-/babel-plugin-transform-es2015-computed-properties-6.24.1.tgz#6fe2a8d16895d5634f4cd999b6d3480a308159b3"
    integrity sha1-b+Ko0WiV1WNPTNmZttNICjCBWbM=
    dependencies:
      babel-runtime "^6.22.0"
      babel-template "^6.24.1"
  
  babel-plugin-transform-es2015-destructuring@^6.23.0:
    version "6.23.0"
    resolved "https://registry.yarnpkg.com/babel-plugin-transform-es2015-destructuring/-/babel-plugin-transform-es2015-destructuring-6.23.0.tgz#997bb1f1ab967f682d2b0876fe358d60e765c56d"
    integrity sha1-mXux8auWf2gtKwh2/jWNYOdlxW0=
    dependencies:
      babel-runtime "^6.22.0"
  
  babel-plugin-transform-es2015-duplicate-keys@^6.22.0:
    version "6.24.1"
    resolved "https://registry.yarnpkg.com/babel-plugin-transform-es2015-duplicate-keys/-/babel-plugin-transform-es2015-duplicate-keys-6.24.1.tgz#73eb3d310ca969e3ef9ec91c53741a6f1576423e"
    integrity sha1-c+s9MQypaePvnskcU3QabxV2Qj4=
    dependencies:
      babel-runtime "^6.22.0"
      babel-types "^6.24.1"
  
  babel-plugin-transform-es2015-for-of@^6.23.0:
    version "6.23.0"
    resolved "https://registry.yarnpkg.com/babel-plugin-transform-es2015-for-of/-/babel-plugin-transform-es2015-for-of-6.23.0.tgz#f47c95b2b613df1d3ecc2fdb7573623c75248691"
    integrity sha1-9HyVsrYT3x0+zC/bdXNiPHUkhpE=
    dependencies:
      babel-runtime "^6.22.0"
  
  babel-plugin-transform-es2015-function-name@^6.22.0:
    version "6.24.1"
    resolved "https://registry.yarnpkg.com/babel-plugin-transform-es2015-function-name/-/babel-plugin-transform-es2015-function-name-6.24.1.tgz#834c89853bc36b1af0f3a4c5dbaa94fd8eacaa8b"
    integrity sha1-g0yJhTvDaxrw86TF26qU/Y6sqos=
    dependencies:
      babel-helper-function-name "^6.24.1"
      babel-runtime "^6.22.0"
      babel-types "^6.24.1"
  
  babel-plugin-transform-es2015-literals@^6.22.0:
    version "6.22.0"
    resolved "https://registry.yarnpkg.com/babel-plugin-transform-es2015-literals/-/babel-plugin-transform-es2015-literals-6.22.0.tgz#4f54a02d6cd66cf915280019a31d31925377ca2e"
    integrity sha1-T1SgLWzWbPkVKAAZox0xklN3yi4=
    dependencies:
      babel-runtime "^6.22.0"
  
  babel-plugin-transform-es2015-modules-amd@^6.22.0, babel-plugin-transform-es2015-modules-amd@^6.24.1:
    version "6.24.1"
    resolved "https://registry.yarnpkg.com/babel-plugin-transform-es2015-modules-amd/-/babel-plugin-transform-es2015-modules-amd-6.24.1.tgz#3b3e54017239842d6d19c3011c4bd2f00a00d154"
    integrity sha1-Oz5UAXI5hC1tGcMBHEvS8AoA0VQ=
    dependencies:
      babel-plugin-transform-es2015-modules-commonjs "^6.24.1"
      babel-runtime "^6.22.0"
      babel-template "^6.24.1"
  
  babel-plugin-transform-es2015-modules-commonjs@^6.23.0, babel-plugin-transform-es2015-modules-commonjs@^6.24.1:
    version "6.26.2"
    resolved "https://registry.yarnpkg.com/babel-plugin-transform-es2015-modules-commonjs/-/babel-plugin-transform-es2015-modules-commonjs-6.26.2.tgz#58a793863a9e7ca870bdc5a881117ffac27db6f3"
    integrity sha512-CV9ROOHEdrjcwhIaJNBGMBCodN+1cfkwtM1SbUHmvyy35KGT7fohbpOxkE2uLz1o6odKK2Ck/tz47z+VqQfi9Q==
    dependencies:
      babel-plugin-transform-strict-mode "^6.24.1"
      babel-runtime "^6.26.0"
      babel-template "^6.26.0"
      babel-types "^6.26.0"
  
  babel-plugin-transform-es2015-modules-systemjs@^6.23.0:
    version "6.24.1"
    resolved "https://registry.yarnpkg.com/babel-plugin-transform-es2015-modules-systemjs/-/babel-plugin-transform-es2015-modules-systemjs-6.24.1.tgz#ff89a142b9119a906195f5f106ecf305d9407d23"
    integrity sha1-/4mhQrkRmpBhlfXxBuzzBdlAfSM=
    dependencies:
      babel-helper-hoist-variables "^6.24.1"
      babel-runtime "^6.22.0"
      babel-template "^6.24.1"
  
  babel-plugin-transform-es2015-modules-umd@^6.23.0:
    version "6.24.1"
    resolved "https://registry.yarnpkg.com/babel-plugin-transform-es2015-modules-umd/-/babel-plugin-transform-es2015-modules-umd-6.24.1.tgz#ac997e6285cd18ed6176adb607d602344ad38468"
    integrity sha1-rJl+YoXNGO1hdq22B9YCNErThGg=
    dependencies:
      babel-plugin-transform-es2015-modules-amd "^6.24.1"
      babel-runtime "^6.22.0"
      babel-template "^6.24.1"
  
  babel-plugin-transform-es2015-object-super@^6.22.0:
    version "6.24.1"
    resolved "https://registry.yarnpkg.com/babel-plugin-transform-es2015-object-super/-/babel-plugin-transform-es2015-object-super-6.24.1.tgz#24cef69ae21cb83a7f8603dad021f572eb278f8d"
    integrity sha1-JM72muIcuDp/hgPa0CH1cusnj40=
    dependencies:
      babel-helper-replace-supers "^6.24.1"
      babel-runtime "^6.22.0"
  
  babel-plugin-transform-es2015-parameters@^6.23.0:
    version "6.24.1"
    resolved "https://registry.yarnpkg.com/babel-plugin-transform-es2015-parameters/-/babel-plugin-transform-es2015-parameters-6.24.1.tgz#57ac351ab49caf14a97cd13b09f66fdf0a625f2b"
    integrity sha1-V6w1GrScrxSpfNE7CfZv3wpiXys=
    dependencies:
      babel-helper-call-delegate "^6.24.1"
      babel-helper-get-function-arity "^6.24.1"
      babel-runtime "^6.22.0"
      babel-template "^6.24.1"
      babel-traverse "^6.24.1"
      babel-types "^6.24.1"
  
  babel-plugin-transform-es2015-shorthand-properties@^6.22.0:
    version "6.24.1"
    resolved "https://registry.yarnpkg.com/babel-plugin-transform-es2015-shorthand-properties/-/babel-plugin-transform-es2015-shorthand-properties-6.24.1.tgz#24f875d6721c87661bbd99a4622e51f14de38aa0"
    integrity sha1-JPh11nIch2YbvZmkYi5R8U3jiqA=
    dependencies:
      babel-runtime "^6.22.0"
      babel-types "^6.24.1"
  
  babel-plugin-transform-es2015-spread@^6.22.0:
    version "6.22.0"
    resolved "https://registry.yarnpkg.com/babel-plugin-transform-es2015-spread/-/babel-plugin-transform-es2015-spread-6.22.0.tgz#d6d68a99f89aedc4536c81a542e8dd9f1746f8d1"
    integrity sha1-1taKmfia7cRTbIGlQujdnxdG+NE=
    dependencies:
      babel-runtime "^6.22.0"
  
  babel-plugin-transform-es2015-sticky-regex@^6.22.0:
    version "6.24.1"
    resolved "https://registry.yarnpkg.com/babel-plugin-transform-es2015-sticky-regex/-/babel-plugin-transform-es2015-sticky-regex-6.24.1.tgz#00c1cdb1aca71112cdf0cf6126c2ed6b457ccdbc"
    integrity sha1-AMHNsaynERLN8M9hJsLta0V8zbw=
    dependencies:
      babel-helper-regex "^6.24.1"
      babel-runtime "^6.22.0"
      babel-types "^6.24.1"
  
  babel-plugin-transform-es2015-template-literals@^6.22.0:
    version "6.22.0"
    resolved "https://registry.yarnpkg.com/babel-plugin-transform-es2015-template-literals/-/babel-plugin-transform-es2015-template-literals-6.22.0.tgz#a84b3450f7e9f8f1f6839d6d687da84bb1236d8d"
    integrity sha1-qEs0UPfp+PH2g51taH2oS7EjbY0=
    dependencies:
      babel-runtime "^6.22.0"
  
  babel-plugin-transform-es2015-typeof-symbol@^6.23.0:
    version "6.23.0"
    resolved "https://registry.yarnpkg.com/babel-plugin-transform-es2015-typeof-symbol/-/babel-plugin-transform-es2015-typeof-symbol-6.23.0.tgz#dec09f1cddff94b52ac73d505c84df59dcceb372"
    integrity sha1-3sCfHN3/lLUqxz1QXITfWdzOs3I=
    dependencies:
      babel-runtime "^6.22.0"
  
  babel-plugin-transform-es2015-unicode-regex@^6.22.0:
    version "6.24.1"
    resolved "https://registry.yarnpkg.com/babel-plugin-transform-es2015-unicode-regex/-/babel-plugin-transform-es2015-unicode-regex-6.24.1.tgz#d38b12f42ea7323f729387f18a7c5ae1faeb35e9"
    integrity sha1-04sS9C6nMj9yk4fxinxa4frrNek=
    dependencies:
      babel-helper-regex "^6.24.1"
      babel-runtime "^6.22.0"
      regexpu-core "^2.0.0"
  
  babel-plugin-transform-exponentiation-operator@^6.22.0:
    version "6.24.1"
    resolved "https://registry.yarnpkg.com/babel-plugin-transform-exponentiation-operator/-/babel-plugin-transform-exponentiation-operator-6.24.1.tgz#2ab0c9c7f3098fa48907772bb813fe41e8de3a0e"
    integrity sha1-KrDJx/MJj6SJB3cruBP+QejeOg4=
    dependencies:
      babel-helper-builder-binary-assignment-operator-visitor "^6.24.1"
      babel-plugin-syntax-exponentiation-operator "^6.8.0"
      babel-runtime "^6.22.0"
  
  babel-plugin-transform-regenerator@^6.22.0:
    version "6.26.0"
    resolved "https://registry.yarnpkg.com/babel-plugin-transform-regenerator/-/babel-plugin-transform-regenerator-6.26.0.tgz#e0703696fbde27f0a3efcacf8b4dca2f7b3a8f2f"
    integrity sha1-4HA2lvveJ/Cj78rPi03KL3s6jy8=
    dependencies:
      regenerator-transform "^0.10.0"
  
  babel-plugin-transform-strict-mode@^6.24.1:
    version "6.24.1"
    resolved "https://registry.yarnpkg.com/babel-plugin-transform-strict-mode/-/babel-plugin-transform-strict-mode-6.24.1.tgz#d5faf7aa578a65bbe591cf5edae04a0c67020758"
    integrity sha1-1fr3qleKZbvlkc9e2uBKDGcCB1g=
    dependencies:
      babel-runtime "^6.22.0"
      babel-types "^6.24.1"
  
  babel-preset-env@^1.7.0:
    version "1.7.0"
    resolved "https://registry.yarnpkg.com/babel-preset-env/-/babel-preset-env-1.7.0.tgz#dea79fa4ebeb883cd35dab07e260c1c9c04df77a"
    integrity sha512-9OR2afuKDneX2/q2EurSftUYM0xGu4O2D9adAhVfADDhrYDaxXV0rBbevVYoY9n6nyX1PmQW/0jtpJvUNr9CHg==
    dependencies:
      babel-plugin-check-es2015-constants "^6.22.0"
      babel-plugin-syntax-trailing-function-commas "^6.22.0"
      babel-plugin-transform-async-to-generator "^6.22.0"
      babel-plugin-transform-es2015-arrow-functions "^6.22.0"
      babel-plugin-transform-es2015-block-scoped-functions "^6.22.0"
      babel-plugin-transform-es2015-block-scoping "^6.23.0"
      babel-plugin-transform-es2015-classes "^6.23.0"
      babel-plugin-transform-es2015-computed-properties "^6.22.0"
      babel-plugin-transform-es2015-destructuring "^6.23.0"
      babel-plugin-transform-es2015-duplicate-keys "^6.22.0"
      babel-plugin-transform-es2015-for-of "^6.23.0"
      babel-plugin-transform-es2015-function-name "^6.22.0"
      babel-plugin-transform-es2015-literals "^6.22.0"
      babel-plugin-transform-es2015-modules-amd "^6.22.0"
      babel-plugin-transform-es2015-modules-commonjs "^6.23.0"
      babel-plugin-transform-es2015-modules-systemjs "^6.23.0"
      babel-plugin-transform-es2015-modules-umd "^6.23.0"
      babel-plugin-transform-es2015-object-super "^6.22.0"
      babel-plugin-transform-es2015-parameters "^6.23.0"
      babel-plugin-transform-es2015-shorthand-properties "^6.22.0"
      babel-plugin-transform-es2015-spread "^6.22.0"
      babel-plugin-transform-es2015-sticky-regex "^6.22.0"
      babel-plugin-transform-es2015-template-literals "^6.22.0"
      babel-plugin-transform-es2015-typeof-symbol "^6.23.0"
      babel-plugin-transform-es2015-unicode-regex "^6.22.0"
      babel-plugin-transform-exponentiation-operator "^6.22.0"
      babel-plugin-transform-regenerator "^6.22.0"
      browserslist "^3.2.6"
      invariant "^2.2.2"
      semver "^5.3.0"
  
  babel-runtime@^6.18.0, babel-runtime@^6.22.0, babel-runtime@^6.26.0:
    version "6.26.0"
    resolved "https://registry.yarnpkg.com/babel-runtime/-/babel-runtime-6.26.0.tgz#965c7058668e82b55d7bfe04ff2337bc8b5647fe"
    integrity sha1-llxwWGaOgrVde/4E/yM3vItWR/4=
    dependencies:
      core-js "^2.4.0"
      regenerator-runtime "^0.11.0"
  
  babel-template@^6.24.1, babel-template@^6.26.0:
    version "6.26.0"
    resolved "https://registry.yarnpkg.com/babel-template/-/babel-template-6.26.0.tgz#de03e2d16396b069f46dd9fff8521fb1a0e35e02"
    integrity sha1-3gPi0WOWsGn0bdn/+FIfsaDjXgI=
    dependencies:
      babel-runtime "^6.26.0"
      babel-traverse "^6.26.0"
      babel-types "^6.26.0"
      babylon "^6.18.0"
      lodash "^4.17.4"
  
  babel-traverse@^6.24.1, babel-traverse@^6.26.0:
    version "6.26.0"
    resolved "https://registry.yarnpkg.com/babel-traverse/-/babel-traverse-6.26.0.tgz#46a9cbd7edcc62c8e5c064e2d2d8d0f4035766ee"
    integrity sha1-RqnL1+3MYsjlwGTi0tjQ9ANXZu4=
    dependencies:
      babel-code-frame "^6.26.0"
      babel-messages "^6.23.0"
      babel-runtime "^6.26.0"
      babel-types "^6.26.0"
      babylon "^6.18.0"
      debug "^2.6.8"
      globals "^9.18.0"
      invariant "^2.2.2"
      lodash "^4.17.4"
  
  babel-types@^6.19.0, babel-types@^6.24.1, babel-types@^6.26.0:
    version "6.26.0"
    resolved "https://registry.yarnpkg.com/babel-types/-/babel-types-6.26.0.tgz#a3b073f94ab49eb6fa55cd65227a334380632497"
    integrity sha1-o7Bz+Uq0nrb6Vc1lInozQ4BjJJc=
    dependencies:
      babel-runtime "^6.26.0"
      esutils "^2.0.2"
      lodash "^4.17.4"
      to-fast-properties "^1.0.3"
  
  babylon@^6.18.0:
    version "6.18.0"
    resolved "https://registry.yarnpkg.com/babylon/-/babylon-6.18.0.tgz#af2f3b88fa6f5c1e4c634d1a0f8eac4f55b395e3"
    integrity sha512-q/UEjfGJ2Cm3oKV71DJz9d25TPnq5rhBVL2Q4fA5wcC3jcrdn7+SssEybFIxwAvvP+YCsCYNKughoF33GxgycQ==
  
  browserslist@^3.2.6:
    version "3.2.8"
    resolved "https://registry.yarnpkg.com/browserslist/-/browserslist-3.2.8.tgz#b0005361d6471f0f5952797a76fc985f1f978fc6"
    integrity sha512-WHVocJYavUwVgVViC0ORikPHQquXwVh939TaelZ4WDqpWgTX/FsGhl/+P4qBUAGcRvtOgDgC+xftNWWp2RUTAQ==
    dependencies:
      caniuse-lite "^1.0.30000844"
      electron-to-chromium "^1.3.47"
  
  caniuse-lite@^1.0.30000844:
    version "1.0.30000984"
    resolved "https://registry.yarnpkg.com/caniuse-lite/-/caniuse-lite-1.0.30000984.tgz#dc96c3c469e9bcfc6ad5bdd24c77ec918ea76fe0"
    integrity sha512-n5tKOjMaZ1fksIpQbjERuqCyfgec/m9pferkFQbLmWtqLUdmt12hNhjSwsmPdqeiG2NkITOQhr1VYIwWSAceiA==
  
  chalk@^1.1.3:
    version "1.1.3"
    resolved "https://registry.yarnpkg.com/chalk/-/chalk-1.1.3.tgz#a8115c55e4a702fe4d150abd3872822a7e09fc98"
    integrity sha1-qBFcVeSnAv5NFQq9OHKCKn4J/Jg=
    dependencies:
      ansi-styles "^2.2.1"
      escape-string-regexp "^1.0.2"
      has-ansi "^2.0.0"
      strip-ansi "^3.0.0"
      supports-color "^2.0.0"
  
  chalk@^2.0.0:
    version "2.4.2"
    resolved "https://registry.yarnpkg.com/chalk/-/chalk-2.4.2.tgz#cd42541677a54333cf541a49108c1432b44c9424"
    integrity sha512-Mti+f9lpJNcwF4tWV8/OrTTtF1gZi+f8FqlyAdouralcFWFQWF2+NgCHShjkCb+IFBLq9buZwE1xckQU4peSuQ==
    dependencies:
      ansi-styles "^3.2.1"
      escape-string-regexp "^1.0.5"
      supports-color "^5.3.0"
  
  color-convert@^1.9.0:
    version "1.9.3"
    resolved "https://registry.yarnpkg.com/color-convert/-/color-convert-1.9.3.tgz#bb71850690e1f136567de629d2d5471deda4c1e8"
    integrity sha512-QfAUtd+vFdAtFQcC8CCyYt1fYWxSqAiK2cSD6zDB8N3cpsEBAvRxp9zOGg6G/SHHJYAT88/az/IuDGALsNVbGg==
    dependencies:
      color-name "1.1.3"
  
  color-name@1.1.3:
    version "1.1.3"
    resolved "https://registry.yarnpkg.com/color-name/-/color-name-1.1.3.tgz#a7d0558bd89c42f795dd42328f740831ca53bc25"
    integrity sha1-p9BVi9icQveV3UIyj3QIMcpTvCU=
  
  convert-source-map@^1.1.0:
    version "1.6.0"
    resolved "https://registry.yarnpkg.com/convert-source-map/-/convert-source-map-1.6.0.tgz#51b537a8c43e0f04dec1993bffcdd504e758ac20"
    integrity sha512-eFu7XigvxdZ1ETfbgPBohgyQ/Z++C0eEhTor0qRwBw9unw+L0/6V8wkSuGgzdThkiS5lSpdptOQPD8Ak40a+7A==
    dependencies:
      safe-buffer "~5.1.1"
  
  core-js@^2.4.0:
    version "2.6.9"
    resolved "https://registry.yarnpkg.com/core-js/-/core-js-2.6.9.tgz#6b4b214620c834152e179323727fc19741b084f2"
    integrity sha512-HOpZf6eXmnl7la+cUdMnLvUxKNqLUzJvgIziQ0DiF3JwSImNphIqdGqzj6hIKyX04MmV0poclQ7+wjWvxQyR2A==
  
  dat.gui@^0.7.6:
    version "0.7.6"
    resolved "https://registry.yarnpkg.com/dat.gui/-/dat.gui-0.7.6.tgz#92182a0f2dc96c26910f888238d3839166d82f76"
    integrity sha512-9Uqr4aQUvp9q5P2b4y6gK604HXafubOq578OmOS8mjrIkYrBP4EbQ9gz9YRXgyPh7aQi+b9H/jAG7EucmhYpSA==
  
  debug@^2.6.8:
    version "2.6.9"
    resolved "https://registry.yarnpkg.com/debug/-/debug-2.6.9.tgz#5d128515df134ff327e90a4c93f4e077a536341f"
    integrity sha512-bC7ElrdJaJnPbAP+1EotYvqZsb3ecl5wi6Bfi6BJTUcNowp6cvspg0jXznRTKDjm/E7AdgFBVeAPVMNcKGsHMA==
    dependencies:
      ms "2.0.0"
  
  debug@^4.1.0:
    version "4.1.1"
    resolved "https://registry.yarnpkg.com/debug/-/debug-4.1.1.tgz#3b72260255109c6b589cee050f1d516139664791"
    integrity sha512-pYAIzeRo8J6KPEaJ0VWOh5Pzkbw/RetuzehGM7QRRX5he4fPHx2rdKMB256ehJCkX+XRQm16eZLqLNS8RSZXZw==
    dependencies:
      ms "^2.1.1"
  
  earcut@^2.1.5:
    version "2.1.5"
    resolved "https://registry.yarnpkg.com/earcut/-/earcut-2.1.5.tgz#829280a9a3a0f5fee0529f0a47c3e4eff09b21e4"
    integrity sha512-QFWC7ywTVLtvRAJTVp8ugsuuGQ5mVqNmJ1cRYeLrSHgP3nycr2RHTJob9OtM0v8ujuoKN0NY1a93J/omeTL1PA==
  
  electron-to-chromium@^1.3.47:
    version "1.3.193"
    resolved "https://registry.yarnpkg.com/electron-to-chromium/-/electron-to-chromium-1.3.193.tgz#de9b89959288070bffb14557daf8cf9f75b2caf8"
    integrity sha512-WX01CG1UoPtTUFaKKwMn+u8nJ63loP6hNxePWtk1pN8ibWMyX1q6TiWPsz1ABBKXezvmaIdtP+0BwzjC1wyCaw==
  
  es6-promise-polyfill@^1.2.0:
    version "1.2.0"
    resolved "https://registry.yarnpkg.com/es6-promise-polyfill/-/es6-promise-polyfill-1.2.0.tgz#f38925f23cb3e3e8ce6cda8ff774fcebbb090cde"
    integrity sha1-84kl8jyz4+jObNqP93T867sJDN4=
  
  escape-string-regexp@^1.0.2, escape-string-regexp@^1.0.5:
    version "1.0.5"
    resolved "https://registry.yarnpkg.com/escape-string-regexp/-/escape-string-regexp-1.0.5.tgz#1b61c0562190a8dff6ae3bb2cf0200ca130b86d4"
    integrity sha1-G2HAViGQqN/2rjuyzwIAyhMLhtQ=
  
  eslint-scope@3.7.1:
    version "3.7.1"
    resolved "https://registry.yarnpkg.com/eslint-scope/-/eslint-scope-3.7.1.tgz#3d63c3edfda02e06e01a452ad88caacc7cdcb6e8"
    integrity sha1-PWPD7f2gLgbgGkUq2IyqzHzctug=
    dependencies:
      esrecurse "^4.1.0"
      estraverse "^4.1.1"
  
  eslint-visitor-keys@^1.0.0:
    version "1.0.0"
    resolved "https://registry.yarnpkg.com/eslint-visitor-keys/-/eslint-visitor-keys-1.0.0.tgz#3f3180fb2e291017716acb4c9d6d5b5c34a6a81d"
    integrity sha512-qzm/XxIbxm/FHyH341ZrbnMUpe+5Bocte9xkmFMzPMjRaZMcXww+MpBptFvtU+79L362nqiLhekCxCxDPaUMBQ==
  
  esrecurse@^4.1.0:
    version "4.2.1"
    resolved "https://registry.yarnpkg.com/esrecurse/-/esrecurse-4.2.1.tgz#007a3b9fdbc2b3bb87e4879ea19c92fdbd3942cf"
    integrity sha512-64RBB++fIOAXPw3P9cy89qfMlvZEXZkqqJkjqqXIvzP5ezRZjW+lPWjw35UX/3EhUPFYbg5ER4JYgDw4007/DQ==
    dependencies:
      estraverse "^4.1.0"
  
  estraverse@^4.1.0, estraverse@^4.1.1:
    version "4.2.0"
    resolved "https://registry.yarnpkg.com/estraverse/-/estraverse-4.2.0.tgz#0dee3fed31fcd469618ce7342099fc1afa0bdb13"
    integrity sha1-De4/7TH81GlhjOc0IJn8GvoL2xM=
  
  esutils@^2.0.2:
    version "2.0.2"
    resolved "https://registry.yarnpkg.com/esutils/-/esutils-2.0.2.tgz#0abf4f1caa5bcb1f7a9d8acc6dea4faaa04bac9b"
    integrity sha1-Cr9PHKpbyx96nYrMbepPqqBLrJs=
  
  eventemitter3@^3.1.0:
    version "3.1.2"
    resolved "https://registry.yarnpkg.com/eventemitter3/-/eventemitter3-3.1.2.tgz#2d3d48f9c346698fce83a85d7d664e98535df6e7"
    integrity sha512-tvtQIeLVHjDkJYnzf2dgVMxfuSGJeM/7UCG17TT4EumTfNtF+0nebF/4zWOIkCreAbtNqhGEboB6BWrwqNaw4Q==
  
  globals@^11.1.0:
    version "11.12.0"
    resolved "https://registry.yarnpkg.com/globals/-/globals-11.12.0.tgz#ab8795338868a0babd8525758018c2a7eb95c42e"
    integrity sha512-WOBp/EEGUiIsJSp7wcv/y6MO+lV9UoncWqxuFfm8eBwzWNgyfBd6Gz+IeKQ9jCmyhoH99g15M3T+QaVHFjizVA==
  
  globals@^9.18.0:
    version "9.18.0"
    resolved "https://registry.yarnpkg.com/globals/-/globals-9.18.0.tgz#aa3896b3e69b487f17e31ed2143d69a8e30c2d8a"
    integrity sha512-S0nG3CLEQiY/ILxqtztTWH/3iRRdyBLw6KMDxnKMchrtbj2OFmehVh0WUCfW3DUrIgx/qFrJPICrq4Z4sTR9UQ==
  
  gsap@^2.1.3:
    version "2.1.3"
    resolved "https://registry.yarnpkg.com/gsap/-/gsap-2.1.3.tgz#c63ee3a50f0b7dc3b46ed0845bb0f09049feb944"
    integrity sha512-8RFASCqi2FOCBuv7X4o7M6bLdy+1hbR0azg+MG7zz+EVsI+OmJblYsTk0GEepQd2Jg/ItMPiVTibF7r3EVxjZQ==
  
  has-ansi@^2.0.0:
    version "2.0.0"
    resolved "https://registry.yarnpkg.com/has-ansi/-/has-ansi-2.0.0.tgz#34f5049ce1ecdf2b0649af3ef24e45ed35416d91"
    integrity sha1-NPUEnOHs3ysGSa8+8k5F7TVBbZE=
    dependencies:
      ansi-regex "^2.0.0"
  
  has-flag@^3.0.0:
    version "3.0.0"
    resolved "https://registry.yarnpkg.com/has-flag/-/has-flag-3.0.0.tgz#b5d454dc2199ae225699f3467e5a07f3b955bafd"
    integrity sha1-tdRU3CGZriJWmfNGfloH87lVuv0=
  
  invariant@^2.2.2:
    version "2.2.4"
    resolved "https://registry.yarnpkg.com/invariant/-/invariant-2.2.4.tgz#610f3c92c9359ce1db616e538008d23ff35158e6"
    integrity sha512-phJfQVBuaJM5raOpJjSfkiD6BpbCE4Ns//LaXl6wGYtUBY83nWS6Rf9tXm2e8VaK60JEjYldbPif/A2B1C2gNA==
    dependencies:
      loose-envify "^1.0.0"
  
  ismobilejs@^0.5.1:
    version "0.5.2"
    resolved "https://registry.yarnpkg.com/ismobilejs/-/ismobilejs-0.5.2.tgz#e81bacf6187c532ad8348355f4fecd6e6adfdce1"
    integrity sha512-ta9UdV60xVZk/ZafFtSFslQaE76SvNkcs1r73d2PVR21zVzx9xuYv9tNe4MxA1NN7WoeCc2RjGot3Bz1eHDx3Q==
  
  "js-tokens@^3.0.0 || ^4.0.0", js-tokens@^4.0.0:
    version "4.0.0"
    resolved "https://registry.yarnpkg.com/js-tokens/-/js-tokens-4.0.0.tgz#19203fb59991df98e3a287050d4647cdeaf32499"
    integrity sha512-RdJUflcE3cUzKiMqQgsCu06FPu9UdIJO0beYbPhHN4k6apgJtifcoCtT9bcxOpYBtpD2kCM6Sbzg4CausW/PKQ==
  
  js-tokens@^3.0.2:
    version "3.0.2"
    resolved "https://registry.yarnpkg.com/js-tokens/-/js-tokens-3.0.2.tgz#9866df395102130e38f7f996bceb65443209c25b"
    integrity sha1-mGbfOVECEw449/mWvOtlRDIJwls=
  
  jsesc@^2.5.1:
    version "2.5.2"
    resolved "https://registry.yarnpkg.com/jsesc/-/jsesc-2.5.2.tgz#80564d2e483dacf6e8ef209650a67df3f0c283a4"
    integrity sha512-OYu7XEzjkCQ3C5Ps3QIZsQfNpqoJyZZA99wd9aWd05NCtC5pWOkShK2mkL6HXQR6/Cy2lbNdPlZBpuQHXE63gA==
  
  jsesc@~0.5.0:
    version "0.5.0"
    resolved "https://registry.yarnpkg.com/jsesc/-/jsesc-0.5.0.tgz#e7dee66e35d6fc16f710fe91d5cf69f70f08911d"
    integrity sha1-597mbjXW/Bb3EP6R1c9p9w8IkR0=
  
  json5@^2.1.0:
    version "2.1.0"
    resolved "https://registry.yarnpkg.com/json5/-/json5-2.1.0.tgz#e7a0c62c48285c628d20a10b85c89bb807c32850"
    integrity sha512-8Mh9h6xViijj36g7Dxi+Y4S6hNGV96vcJZr/SrlHh1LR/pEn/8j/+qIBbs44YKl69Lrfctp4QD+AdWLTMqEZAQ==
    dependencies:
      minimist "^1.2.0"
  
  lodash@^4.17.11, lodash@^4.17.4:
    version "4.17.14"
    resolved "https://registry.yarnpkg.com/lodash/-/lodash-4.17.14.tgz#9ce487ae66c96254fe20b599f21b6816028078ba"
    integrity sha512-mmKYbW3GLuJeX+iGP+Y7Gp1AiGHGbXHCOh/jZmrawMmsE7MS4znI3RL2FsjbqOyMayHInjOeykW7PEajUk1/xw==
  
  lodash@^4.17.13:
    version "4.17.15"
    resolved "https://registry.yarnpkg.com/lodash/-/lodash-4.17.15.tgz#b447f6670a0455bbfeedd11392eff330ea097548"
    integrity sha512-8xOcRHvCjnocdS5cpwXQXVzmmh5e5+saE2QGoeQmbKmRS6J3VQppPOIt0MnmE+4xlZoumy0GPG0D0MVIQbNA1A==
  
  loose-envify@^1.0.0:
    version "1.4.0"
    resolved "https://registry.yarnpkg.com/loose-envify/-/loose-envify-1.4.0.tgz#71ee51fa7be4caec1a63839f7e682d8132d30caf"
    integrity sha512-lyuxPGr/Wfhrlem2CL/UcnUc1zcqKAImBDzukY7Y5F/yQiNdko6+fRLevlw1HgMySw7f611UIY408EtxRSoK3Q==
    dependencies:
      js-tokens "^3.0.0 || ^4.0.0"
  
  mini-signals@^1.1.1:
    version "1.2.0"
    resolved "https://registry.yarnpkg.com/mini-signals/-/mini-signals-1.2.0.tgz#45b08013c5fae51a24aa1a935cd317c9ed721d74"
    integrity sha1-RbCAE8X65RokqhqTXNMXye1yHXQ=
  
  minimist@^1.2.0:
    version "1.2.0"
    resolved "https://registry.yarnpkg.com/minimist/-/minimist-1.2.0.tgz#a35008b20f41383eec1fb914f4cd5df79a264284"
    integrity sha1-o1AIsg9BOD7sH7kU9M1d95omQoQ=
  
  ms@2.0.0:
    version "2.0.0"
    resolved "https://registry.yarnpkg.com/ms/-/ms-2.0.0.tgz#5608aeadfc00be6c2901df5f9861788de0d597c8"
    integrity sha1-VgiurfwAvmwpAd9fmGF4jeDVl8g=
  
  ms@^2.1.1:
    version "2.1.2"
    resolved "https://registry.yarnpkg.com/ms/-/ms-2.1.2.tgz#d09d1f357b443f493382a8eb3ccd183872ae6009"
    integrity sha512-sGkPx+VjMtmA6MX27oA4FBFELFCZZ4S4XqeGOXCv68tT+jb3vk/RyaKWP0PTKyWtmLSM0b+adUTEvbs1PEaH2w==
  
  object-assign@^4.1.1:
    version "4.1.1"
    resolved "https://registry.yarnpkg.com/object-assign/-/object-assign-4.1.1.tgz#2109adc7965887cfc05cbbd442cac8bfbb360863"
    integrity sha1-IQmtx5ZYh8/AXLvUQsrIv7s2CGM=
  
  parse-uri@^1.0.0:
    version "1.0.0"
    resolved "https://registry.yarnpkg.com/parse-uri/-/parse-uri-1.0.0.tgz#2872dcc22f1a797acde1583d8a0ac29552ddac20"
    integrity sha1-KHLcwi8aeXrN4Vg9igrClVLdrCA=
  
  path-parse@^1.0.6:
    version "1.0.6"
    resolved "https://registry.yarnpkg.com/path-parse/-/path-parse-1.0.6.tgz#d62dbb5679405d72c4737ec58600e9ddcf06d24c"
    integrity sha512-GSmOT2EbHrINBf9SR7CDELwlJ8AENk3Qn7OikK4nFYAu3Ote2+JYNVvkpAEQm3/TLNEJFD/xZJjzyxg3KBWOzw==
  
  pixi.js@^5.0.4:
    version "5.0.4"
    resolved "https://registry.yarnpkg.com/pixi.js/-/pixi.js-5.0.4.tgz#02305ce8774cacd40cb05df96ffb1f624e87b0a3"
    integrity sha512-uQcY2AhJ2b8UZRgQzVKWC/P1Amk4cGUlXcb+65RBfRvHD6gJUkQJQAOPnaxb4+6VditSoDW7mI6uZAROuRiLoA==
    dependencies:
      "@pixi/accessibility" "^5.0.4"
      "@pixi/app" "^5.0.4"
      "@pixi/constants" "^5.0.4"
      "@pixi/core" "^5.0.4"
      "@pixi/display" "^5.0.4"
      "@pixi/extract" "^5.0.4"
      "@pixi/filter-alpha" "^5.0.4"
      "@pixi/filter-blur" "^5.0.4"
      "@pixi/filter-color-matrix" "^5.0.4"
      "@pixi/filter-displacement" "^5.0.4"
      "@pixi/filter-fxaa" "^5.0.4"
      "@pixi/filter-noise" "^5.0.4"
      "@pixi/graphics" "^5.0.4"
      "@pixi/interaction" "^5.0.4"
      "@pixi/loaders" "^5.0.4"
      "@pixi/math" "^5.0.4"
      "@pixi/mesh" "^5.0.4"
      "@pixi/mesh-extras" "^5.0.4"
      "@pixi/mixin-cache-as-bitmap" "^5.0.4"
      "@pixi/mixin-get-child-by-name" "^5.0.4"
      "@pixi/mixin-get-global-position" "^5.0.4"
      "@pixi/particles" "^5.0.4"
      "@pixi/polyfill" "^5.0.4"
      "@pixi/prepare" "^5.0.4"
      "@pixi/runner" "^5.0.4"
      "@pixi/settings" "^5.0.4"
      "@pixi/sprite" "^5.0.4"
      "@pixi/sprite-animated" "^5.0.4"
      "@pixi/sprite-tiling" "^5.0.4"
      "@pixi/spritesheet" "^5.0.4"
      "@pixi/text" "^5.0.4"
      "@pixi/text-bitmap" "^5.0.4"
      "@pixi/ticker" "^5.0.4"
      "@pixi/utils" "^5.0.4"
  
  private@^0.1.6:
    version "0.1.8"
    resolved "https://registry.yarnpkg.com/private/-/private-0.1.8.tgz#2381edb3689f7a53d653190060fcf822d2f368ff"
    integrity sha512-VvivMrbvd2nKkiG38qjULzlc+4Vx4wm/whI9pQD35YrARNnhxeiRktSOhSukRLFNlzg6Br/cJPet5J/u19r/mg==
  
  punycode@1.3.2:
    version "1.3.2"
    resolved "https://registry.yarnpkg.com/punycode/-/punycode-1.3.2.tgz#9653a036fb7c1ee42342f2325cceefea3926c48d"
    integrity sha1-llOgNvt8HuQjQvIyXM7v6jkmxI0=
  
  querystring@0.2.0:
    version "0.2.0"
    resolved "https://registry.yarnpkg.com/querystring/-/querystring-0.2.0.tgz#b209849203bb25df820da756e747005878521620"
    integrity sha1-sgmEkgO7Jd+CDadW50cAWHhSFiA=
  
  regenerate@^1.2.1:
    version "1.4.0"
    resolved "https://registry.yarnpkg.com/regenerate/-/regenerate-1.4.0.tgz#4a856ec4b56e4077c557589cae85e7a4c8869a11"
    integrity sha512-1G6jJVDWrt0rK99kBjvEtziZNCICAuvIPkSiUFIQxVP06RCVpq3dmDo2oi6ABpYaDYaTRr67BEhL8r1wgEZZKg==
  
  regenerator-runtime@^0.11.0:
    version "0.11.1"
    resolved "https://registry.yarnpkg.com/regenerator-runtime/-/regenerator-runtime-0.11.1.tgz#be05ad7f9bf7d22e056f9726cee5017fbf19e2e9"
    integrity sha512-MguG95oij0fC3QV3URf4V2SDYGJhJnJGqvIIgdECeODCT98wSWDAJ94SSuVpYQUoTcGUIL6L4yNB7j1DFFHSBg==
  
  regenerator-transform@^0.10.0:
    version "0.10.1"
    resolved "https://registry.yarnpkg.com/regenerator-transform/-/regenerator-transform-0.10.1.tgz#1e4996837231da8b7f3cf4114d71b5691a0680dd"
    integrity sha512-PJepbvDbuK1xgIgnau7Y90cwaAmO/LCLMI2mPvaXq2heGMR3aWW5/BQvYrhJ8jgmQjXewXvBjzfqKcVOmhjZ6Q==
    dependencies:
      babel-runtime "^6.18.0"
      babel-types "^6.19.0"
      private "^0.1.6"
  
  regexpu-core@^2.0.0:
    version "2.0.0"
    resolved "https://registry.yarnpkg.com/regexpu-core/-/regexpu-core-2.0.0.tgz#49d038837b8dcf8bfa5b9a42139938e6ea2ae240"
    integrity sha1-SdA4g3uNz4v6W5pCE5k45uoq4kA=
    dependencies:
      regenerate "^1.2.1"
      regjsgen "^0.2.0"
      regjsparser "^0.1.4"
  
  regjsgen@^0.2.0:
    version "0.2.0"
    resolved "https://registry.yarnpkg.com/regjsgen/-/regjsgen-0.2.0.tgz#6c016adeac554f75823fe37ac05b92d5a4edb1f7"
    integrity sha1-bAFq3qxVT3WCP+N6wFuS1aTtsfc=
  
  regjsparser@^0.1.4:
    version "0.1.5"
    resolved "https://registry.yarnpkg.com/regjsparser/-/regjsparser-0.1.5.tgz#7ee8f84dc6fa792d3fd0ae228d24bd949ead205c"
    integrity sha1-fuj4Tcb6eS0/0K4ijSS9lJ6tIFw=
    dependencies:
      jsesc "~0.5.0"
  
  resolve@^1.3.2:
    version "1.12.0"
    resolved "https://registry.yarnpkg.com/resolve/-/resolve-1.12.0.tgz#3fc644a35c84a48554609ff26ec52b66fa577df6"
    integrity sha512-B/dOmuoAik5bKcD6s6nXDCjzUKnaDvdkRyAk6rsmsKLipWj4797iothd7jmmUhWTfinVMU+wc56rYKsit2Qy4w==
    dependencies:
      path-parse "^1.0.6"
  
  resource-loader@^2.2.4:
    version "2.2.4"
    resolved "https://registry.yarnpkg.com/resource-loader/-/resource-loader-2.2.4.tgz#9bf43dba59475d56be29c796399211ce0e96fd2d"
    integrity sha512-MrY0bEJN26us3h4bzJUSP0n4tFEb79lCpYBavtLjSezWCcXZMgxhSgvC9LxueuqpcxG+qPjhwFu5SQAcUNacdA==
    dependencies:
      mini-signals "^1.1.1"
      parse-uri "^1.0.0"
  
  safe-buffer@~5.1.1:
    version "5.1.2"
    resolved "https://registry.yarnpkg.com/safe-buffer/-/safe-buffer-5.1.2.tgz#991ec69d296e0313747d59bdfd2b745c35f8828d"
    integrity sha512-Gd2UZBJDkXlY7GbJxfsE8/nvKkUEU1G38c1siN6QP6a9PT9MmHB8GnpscSmMJSoF8LOIrt8ud/wPtojys4G6+g==
  
  semver@^5.3.0, semver@^5.4.1:
    version "5.7.0"
    resolved "https://registry.yarnpkg.com/semver/-/semver-5.7.0.tgz#790a7cf6fea5459bac96110b29b60412dc8ff96b"
    integrity sha512-Ya52jSX2u7QKghxeoFGpLwCtGlt7j0oY9DYb5apt9nPlJ42ID+ulTXESnt/qAQcoSERyZ5sl3LDIOw0nAn/5DA==
  
  source-map@^0.5.0:
    version "0.5.7"
    resolved "https://registry.yarnpkg.com/source-map/-/source-map-0.5.7.tgz#8a039d2d1021d22d1ea14c80d8ea468ba2ef3fcc"
    integrity sha1-igOdLRAh0i0eoUyA2OpGi6LvP8w=
  
  strip-ansi@^3.0.0:
    version "3.0.1"
    resolved "https://registry.yarnpkg.com/strip-ansi/-/strip-ansi-3.0.1.tgz#6a385fb8853d952d5ff05d0e8aaf94278dc63dcf"
    integrity sha1-ajhfuIU9lS1f8F0Oiq+UJ43GPc8=
    dependencies:
      ansi-regex "^2.0.0"
  
  supports-color@^2.0.0:
    version "2.0.0"
    resolved "https://registry.yarnpkg.com/supports-color/-/supports-color-2.0.0.tgz#535d045ce6b6363fa40117084629995e9df324c7"
    integrity sha1-U10EXOa2Nj+kARcIRimZXp3zJMc=
  
  supports-color@^5.3.0:
    version "5.5.0"
    resolved "https://registry.yarnpkg.com/supports-color/-/supports-color-5.5.0.tgz#e2e69a44ac8772f78a1ec0b35b689df6530efc8f"
    integrity sha512-QjVjwdXIt408MIiAqCX4oUKsgU2EqAGzs2Ppkm4aQYbjm+ZEWEcW4SfFNTr4uMNZma0ey4f5lgLrkB0aX0QMow==
    dependencies:
      has-flag "^3.0.0"
  
  to-fast-properties@^1.0.3:
    version "1.0.3"
    resolved "https://registry.yarnpkg.com/to-fast-properties/-/to-fast-properties-1.0.3.tgz#b83571fa4d8c25b82e231b06e3a3055de4ca1a47"
    integrity sha1-uDVx+k2MJbguIxsG46MFXeTKGkc=
  
  to-fast-properties@^2.0.0:
    version "2.0.0"
    resolved "https://registry.yarnpkg.com/to-fast-properties/-/to-fast-properties-2.0.0.tgz#dc5e698cbd079265bc73e0377681a4e4e83f616e"
    integrity sha1-3F5pjL0HkmW8c+A3doGk5Og/YW4=
  
  trim-right@^1.0.1:
    version "1.0.1"
    resolved "https://registry.yarnpkg.com/trim-right/-/trim-right-1.0.1.tgz#cb2e1203067e0c8de1f614094b9fe45704ea6003"
    integrity sha1-yy4SAwZ+DI3h9hQJS5/kVwTqYAM=
  
  url@^0.11.0:
    version "0.11.0"
    resolved "https://registry.yarnpkg.com/url/-/url-0.11.0.tgz#3838e97cfc60521eb73c525a8e55bfdd9e2e28f1"
    integrity sha1-ODjpfPxgUh63PFJajlW/3Z4uKPE=
    dependencies:
      punycode "1.3.2"
      querystring "0.2.0"
